<?xml version="1.0" encoding="UTF-8"?>
<!-- Generated by org.testng.reporters.JUnitXMLReporter -->
<testsuite ignored="0" hostname="DESKTOP-UM2MPT8" failures="0" tests="9" name="POMMeetupAppTest3" time="8.896" errors="0" timestamp="2023-09-20T22:34:12 IST">
  <testcase classname="TestScenarios.RegistrationPageTest" name="@BeforeMethod SetUp" time="3.077">
    <failure type="org.openqa.selenium.InvalidSelectorException" message="Compound class names not permitted
For documentation on this error, please visit: https://selenium.dev/exceptions/#invalid_selector_exception
Build info: version: &amp;apos;4.9.1&amp;apos;, revision: &amp;apos;eb2032df7f&amp;apos;
System info: os.name: &amp;apos;Windows 10&amp;apos;, os.arch: &amp;apos;amd64&amp;apos;, os.version: &amp;apos;10.0&amp;apos;, java.version: &amp;apos;20.0.1&amp;apos;
Driver info: driver.version: unknown">
      <![CDATA[org.openqa.selenium.InvalidSelectorException: Compound class names not permitted
For documentation on this error, please visit: https://selenium.dev/exceptions/#invalid_selector_exception
Build info: version: '4.9.1', revision: 'eb2032df7f'
System info: os.name: 'Windows 10', os.arch: 'amd64', os.version: '10.0', java.version: '20.0.1'
Driver info: driver.version: unknown
at org.openqa.selenium.By$ByClassName.<init>(By.java:310)
at org.openqa.selenium.By.className(By.java:100)
at org.openqa.selenium.support.How$1.buildBy(How.java:26)
at org.openqa.selenium.support.AbstractFindByBuilder.buildByFromLongFindBy(AbstractFindByBuilder.java:79)
at org.openqa.selenium.support.FindBy$FindByBuilder.buildIt(FindBy.java:87)
at org.openqa.selenium.support.pagefactory.Annotations.buildBy(Annotations.java:79)
at org.openqa.selenium.support.pagefactory.DefaultElementLocator.<init>(DefaultElementLocator.java:58)
at org.openqa.selenium.support.pagefactory.DefaultElementLocator.<init>(DefaultElementLocator.java:46)
at org.openqa.selenium.support.pagefactory.DefaultElementLocatorFactory.createLocator(DefaultElementLocatorFactory.java:33)
at org.openqa.selenium.support.pagefactory.DefaultFieldDecorator.decorate(DefaultFieldDecorator.java:57)
at org.openqa.selenium.support.PageFactory.proxyFields(PageFactory.java:111)
at org.openqa.selenium.support.PageFactory.initElements(PageFactory.java:103)
at org.openqa.selenium.support.PageFactory.initElements(PageFactory.java:90)
at org.openqa.selenium.support.PageFactory.initElements(PageFactory.java:78)
at ObjectPages.RegistrationPage.<init>(RegistrationPage.java:67)
at TestScenarios.RegistrationPageTest.SetUp(RegistrationPageTest.java:30)
at java.base/java.util.ArrayList.forEach(ArrayList.java:1511)
at com.intellij.rt.testng.IDEARemoteTestNG.run(IDEARemoteTestNG.java:66)
at com.intellij.rt.testng.RemoteTestNGStarter.main(RemoteTestNGStarter.java:105)
... Removed 26 stack frames]]>
    </failure>
  </testcase> <!-- @BeforeMethod SetUp -->
  <testcase classname="TestScenarios.RegistrationPageTest" name="@AfterMethod TearDown" time="0.0">
    <skipped/>
  </testcase> <!-- @AfterMethod TearDown -->
  <testcase classname="TestScenarios.RegistrationPageTest" name="@BeforeMethod SetUp" time="0.0">
    <skipped/>
  </testcase> <!-- @BeforeMethod SetUp -->
  <testcase classname="TestScenarios.RegistrationPageTest" name="@AfterMethod TearDown" time="0.0">
    <skipped/>
  </testcase> <!-- @AfterMethod TearDown -->
  <testcase classname="TestScenarios.RegistrationPageTest" name="@BeforeMethod SetUp" time="0.0">
    <skipped/>
  </testcase> <!-- @BeforeMethod SetUp -->
  <testcase classname="TestScenarios.RegistrationPageTest" name="@AfterMethod TearDown" time="0.0">
    <skipped/>
  </testcase> <!-- @AfterMethod TearDown -->
  <testcase classname="TestScenarios.RegistrationPageTest" name="@BeforeMethod SetUp" time="0.0">
    <skipped/>
  </testcase> <!-- @BeforeMethod SetUp -->
  <testcase classname="TestScenarios.RegistrationPageTest" name="@AfterMethod TearDown" time="0.0">
    <skipped/>
  </testcase> <!-- @AfterMethod TearDown -->
  <testcase classname="TestScenarios.RegistrationPageTest" name="@BeforeMethod SetUp" time="0.0">
    <skipped/>
  </testcase> <!-- @BeforeMethod SetUp -->
  <testcase classname="TestScenarios.RegistrationPageTest" name="@AfterMethod TearDown" time="0.0">
    <skipped/>
  </testcase> <!-- @AfterMethod TearDown -->
  <testcase classname="TestScenarios.RegistrationPageTest" name="@BeforeMethod SetUp" time="0.0">
    <skipped/>
  </testcase> <!-- @BeforeMethod SetUp -->
  <testcase classname="TestScenarios.RegistrationPageTest" name="@AfterMethod TearDown" time="0.0">
    <skipped/>
  </testcase> <!-- @AfterMethod TearDown -->
  <testcase classname="TestScenarios.RegistrationPageTest" name="@BeforeMethod SetUp" time="0.0">
    <skipped/>
  </testcase> <!-- @BeforeMethod SetUp -->
  <testcase classname="TestScenarios.RegistrationPageTest" name="@AfterMethod TearDown" time="0.0">
    <skipped/>
  </testcase> <!-- @AfterMethod TearDown -->
  <testcase classname="TestScenarios.RegistrationPageTest" name="TestUIRegistrationPage" time="0.0">
    <skipped/>
  </testcase> <!-- TestUIRegistrationPage -->
  <testcase classname="TestScenarios.WelcomePageTest" name="TestWelcomePageUI" time="0.153"/>
  <testcase classname="TestScenarios.RegistrationPageTest" name="TestFunctionalityRPageEmptyName" time="0.0">
    <skipped/>
  </testcase> <!-- TestFunctionalityRPageEmptyName -->
  <testcase classname="TestScenarios.WelcomePageTest" name="TestFunctionalityWelcomePage" time="0.144"/>
  <testcase classname="TestScenarios.RegistrationPageTest" name="TestFunctionalityRegistrationValidInput" time="0.0">
    <skipped/>
  </testcase> <!-- TestFunctionalityRegistrationValidInput -->
  <testcase classname="TestScenarios.RegistrationPageTest" name="TestFunctionalityRegistrationValidInput" time="0.0">
    <skipped/>
  </testcase> <!-- TestFunctionalityRegistrationValidInput -->
  <testcase classname="TestScenarios.RegistrationPageTest" name="TestFunctionalityRegistrationValidInput" time="0.0">
    <skipped/>
  </testcase> <!-- TestFunctionalityRegistrationValidInput -->
  <testcase classname="TestScenarios.RegistrationPageTest" name="TestFunctionalityRegistrationValidInput" time="0.0">
    <skipped/>
  </testcase> <!-- TestFunctionalityRegistrationValidInput -->
  <testcase classname="TestScenarios.RegistrationPageTest" name="TestFunctionalityRegistrationValidInput" time="0.0">
    <skipped/>
  </testcase> <!-- TestFunctionalityRegistrationValidInput -->
</testsuite> <!-- POMMeetupAppTest3 -->
