<!DOCTYPE html>

<html>
  <head>
  <meta charset='utf-8'>
  <title>TestNG reports</title>

    <link type="text/css" href="testng-reports1.css" rel="stylesheet" id="ultra" />
    <link type="text/css" href="testng-reports.css" rel="stylesheet" id="retro" disabled="false"/>
    <script type="text/javascript" src="jquery-3.6.0.min.js"></script>
    <script type="text/javascript" src="testng-reports.js"></script>
    <script type="text/javascript" src="https://www.google.com/jsapi"></script>
    <script type='text/javascript'>
      google.load('visualization', '1', {packages:['table']});
      google.setOnLoadCallback(drawTable);
      var suiteTableInitFunctions = new Array();
      var suiteTableData = new Array();
    </script>
    <!--
      <script type="text/javascript" src="jquery-ui/js/jquery-ui-1.8.16.custom.min.js"></script>
     -->
  </head>

  <body>    <div class="top-banner-root">
      <span class="top-banner-title-font">Test results</span>
      <button id="button" class="button">Switch Retro Theme</button> <!-- button -->
      <br/>
      <span class="top-banner-font-1">1 suite</span>
    </div> <!-- top-banner-root -->
    <div class="navigator-root">
      <div class="navigator-suite-header">
        <span>All suites</span>
        <a href="#" title="Collapse/expand all the suites" class="collapse-all-link">
          <img src="collapseall.gif" class="collapse-all-icon">
          </img> <!-- collapse-all-icon -->
        </a> <!-- collapse-all-link -->
      </div> <!-- navigator-suite-header -->
      <div class="suite">
        <div class="rounded-window">
          <div class="suite-header light-rounded-window-top">
            <a href="#" panel-name="suite-All_Test_Suite" class="navigator-link">
              <span class="suite-name border-skipped">All Test Suite</span>
            </a> <!-- navigator-link -->
          </div> <!-- suite-header light-rounded-window-top -->
          <div class="navigator-suite-content">
            <div class="suite-section-title">
              <span>Info</span>
            </div> <!-- suite-section-title -->
            <div class="suite-section-content">
              <ul>
                <li>
                  <a href="#" panel-name="test-xml-All_Test_Suite" class="navigator-link ">
                    <span>D:\SeleniumJavaFiles\Selenium_Projects\POMMeetupAppTest3\testng.xml</span>
                  </a> <!-- navigator-link  -->
                </li>
                <li>
                  <a href="#" panel-name="testlist-All_Test_Suite" class="navigator-link ">
                    <span class="test-stats">1 test</span>
                  </a> <!-- navigator-link  -->
                </li>
                <li>
                  <a href="#" panel-name="group-All_Test_Suite" class="navigator-link ">
                    <span>0 groups</span>
                  </a> <!-- navigator-link  -->
                </li>
                <li>
                  <a href="#" panel-name="times-All_Test_Suite" class="navigator-link ">
                    <span>Times</span>
                  </a> <!-- navigator-link  -->
                </li>
                <li>
                  <a href="#" panel-name="reporter-All_Test_Suite" class="navigator-link ">
                    <span>Reporter output</span>
                  </a> <!-- navigator-link  -->
                </li>
                <li>
                  <a href="#" panel-name="ignored-methods-All_Test_Suite" class="navigator-link ">
                    <span>Ignored methods</span>
                  </a> <!-- navigator-link  -->
                </li>
                <li>
                  <a href="#" panel-name="chronological-All_Test_Suite" class="navigator-link ">
                    <span>Chronological view</span>
                  </a> <!-- navigator-link  -->
                </li>
              </ul>
            </div> <!-- suite-section-content -->
            <div class="result-section">
              <div class="suite-section-title">
                <span>Results</span>
              </div> <!-- suite-section-title -->
              <div class="suite-section-content">
                <ul>
                  <li>
                    <span class="method-stats">9 methods,  7 skipped,  2 passed</span>
                  </li>
                  <li>
                    <span class="method-list-title skipped">Skipped methods</span>
                    <span class="show-or-hide-methods skipped">
                      <a href="#" panel-name="suite-All_Test_Suite" class="hide-methods skipped suite-All_Test_Suite"> (hide)</a> <!-- hide-methods skipped suite-All_Test_Suite -->
                      <a href="#" panel-name="suite-All_Test_Suite" class="show-methods skipped suite-All_Test_Suite"> (show)</a> <!-- show-methods skipped suite-All_Test_Suite -->
                    </span>
                    <div class="method-list-content skipped suite-All_Test_Suite">
                      <span>
                        <img src="skipped.png" width="3%"/>
                        <a href="#" panel-name="suite-All_Test_Suite" title="TestScenarios.RegistrationPageTest" class="method navigator-link" hash-for-method="TestFunctionalityRPageEmptyName">TestFunctionalityRPageEmptyName</a> <!-- method navigator-link -->
                      </span>
                      <br/>
                      <span>
                        <img src="skipped.png" width="3%"/>
                        <a href="#" panel-name="suite-All_Test_Suite" title="TestScenarios.RegistrationPageTest" class="method navigator-link" hash-for-method="TestFunctionalityRegistrationValidInput(Jack, ARTS_AND_CULTURE, Arts and Culture)">TestFunctionalityRegistrationValidInput(Jack, ARTS_AND_CULTURE, Arts and Culture)</a> <!-- method navigator-link -->
                      </span>
                      <br/>
                      <span>
                        <img src="skipped.png" width="3%"/>
                        <a href="#" panel-name="suite-All_Test_Suite" title="TestScenarios.RegistrationPageTest" class="method navigator-link" hash-for-method="TestFunctionalityRegistrationValidInput(Jerry, CAREER_AND_BUSINESS, Career and Business)">TestFunctionalityRegistrationValidInput(Jerry, CAREER_AND_BUSINESS, Career and Business)</a> <!-- method navigator-link -->
                      </span>
                      <br/>
                      <span>
                        <img src="skipped.png" width="3%"/>
                        <a href="#" panel-name="suite-All_Test_Suite" title="TestScenarios.RegistrationPageTest" class="method navigator-link" hash-for-method="TestFunctionalityRegistrationValidInput(Jim, FASHION_AND_BEAUTY, Fashion and Learning)">TestFunctionalityRegistrationValidInput(Jim, FASHION_AND_BEAUTY, Fashion and Learning)</a> <!-- method navigator-link -->
                      </span>
                      <br/>
                      <span>
                        <img src="skipped.png" width="3%"/>
                        <a href="#" panel-name="suite-All_Test_Suite" title="TestScenarios.RegistrationPageTest" class="method navigator-link" hash-for-method="TestFunctionalityRegistrationValidInput(John, EDUCATION_AND_LEARNING, Education and Learning)">TestFunctionalityRegistrationValidInput(John, EDUCATION_AND_LEARNING, Education and Learning)</a> <!-- method navigator-link -->
                      </span>
                      <br/>
                      <span>
                        <img src="skipped.png" width="3%"/>
                        <a href="#" panel-name="suite-All_Test_Suite" title="TestScenarios.RegistrationPageTest" class="method navigator-link" hash-for-method="TestFunctionalityRegistrationValidInput(Jane, GAMES, Games)">TestFunctionalityRegistrationValidInput(Jane, GAMES, Games)</a> <!-- method navigator-link -->
                      </span>
                      <br/>
                      <span>
                        <img src="skipped.png" width="3%"/>
                        <a href="#" panel-name="suite-All_Test_Suite" title="TestScenarios.RegistrationPageTest" class="method navigator-link" hash-for-method="TestUIRegistrationPage">TestUIRegistrationPage</a> <!-- method navigator-link -->
                      </span>
                      <br/>
                    </div> <!-- method-list-content skipped suite-All_Test_Suite -->
                  </li>
                  <li>
                    <span class="method-list-title passed">Passed methods</span>
                    <span class="show-or-hide-methods passed">
                      <a href="#" panel-name="suite-All_Test_Suite" class="hide-methods passed suite-All_Test_Suite"> (hide)</a> <!-- hide-methods passed suite-All_Test_Suite -->
                      <a href="#" panel-name="suite-All_Test_Suite" class="show-methods passed suite-All_Test_Suite"> (show)</a> <!-- show-methods passed suite-All_Test_Suite -->
                    </span>
                    <div class="method-list-content passed suite-All_Test_Suite">
                      <span>
                        <img src="passed.png" width="3%"/>
                        <a href="#" panel-name="suite-All_Test_Suite" title="TestScenarios.WelcomePageTest" class="method navigator-link" hash-for-method="TestFunctionalityWelcomePage">TestFunctionalityWelcomePage</a> <!-- method navigator-link -->
                      </span>
                      <br/>
                      <span>
                        <img src="passed.png" width="3%"/>
                        <a href="#" panel-name="suite-All_Test_Suite" title="TestScenarios.WelcomePageTest" class="method navigator-link" hash-for-method="TestWelcomePageUI">TestWelcomePageUI</a> <!-- method navigator-link -->
                      </span>
                      <br/>
                    </div> <!-- method-list-content passed suite-All_Test_Suite -->
                  </li>
                </ul>
              </div> <!-- suite-section-content -->
            </div> <!-- result-section -->
          </div> <!-- navigator-suite-content -->
        </div> <!-- rounded-window -->
      </div> <!-- suite -->
    </div> <!-- navigator-root -->
    <div class="wrapper">
      <div class="main-panel-root">
        <div panel-name="suite-All_Test_Suite" class="panel All_Test_Suite">
          <div class="suite-All_Test_Suite-class-skipped">
            <div class="main-panel-header rounded-window-top">
              <img src="skipped.png"/>
              <span class="class-name">TestScenarios.RegistrationPageTest</span>
            </div> <!-- main-panel-header rounded-window-top -->
            <div class="main-panel-content rounded-window-bottom">
              <div class="method">
                <div class="method-content">
                  <a name="TestFunctionalityRPageEmptyName">
                  </a> <!-- TestFunctionalityRPageEmptyName -->
                  <span class="method-name">TestFunctionalityRPageEmptyName</span>
                  <div class="stack-trace">org.openqa.selenium.InvalidSelectorException: Compound class names not permitted
For documentation on this error, please visit: https://selenium.dev/exceptions/#invalid_selector_exception
Build info: version: &apos;4.9.1&apos;, revision: &apos;eb2032df7f&apos;
System info: os.name: &apos;Windows 10&apos;, os.arch: &apos;amd64&apos;, os.version: &apos;10.0&apos;, java.version: &apos;20.0.1&apos;
Driver info: driver.version: unknown
	at org.openqa.selenium.By$ByClassName.&lt;init&gt;(By.java:310)
	at org.openqa.selenium.By.className(By.java:100)
	at org.openqa.selenium.support.How$1.buildBy(How.java:26)
	at org.openqa.selenium.support.AbstractFindByBuilder.buildByFromLongFindBy(AbstractFindByBuilder.java:79)
	at org.openqa.selenium.support.FindBy$FindByBuilder.buildIt(FindBy.java:87)
	at org.openqa.selenium.support.pagefactory.Annotations.buildBy(Annotations.java:79)
	at org.openqa.selenium.support.pagefactory.DefaultElementLocator.&lt;init&gt;(DefaultElementLocator.java:58)
	at org.openqa.selenium.support.pagefactory.DefaultElementLocator.&lt;init&gt;(DefaultElementLocator.java:46)
	at org.openqa.selenium.support.pagefactory.DefaultElementLocatorFactory.createLocator(DefaultElementLocatorFactory.java:33)
	at org.openqa.selenium.support.pagefactory.DefaultFieldDecorator.decorate(DefaultFieldDecorator.java:57)
	at org.openqa.selenium.support.PageFactory.proxyFields(PageFactory.java:111)
	at org.openqa.selenium.support.PageFactory.initElements(PageFactory.java:103)
	at org.openqa.selenium.support.PageFactory.initElements(PageFactory.java:90)
	at org.openqa.selenium.support.PageFactory.initElements(PageFactory.java:78)
	at ObjectPages.RegistrationPage.&lt;init&gt;(RegistrationPage.java:67)
	at TestScenarios.RegistrationPageTest.SetUp(RegistrationPageTest.java:30)
	at java.base/java.util.ArrayList.forEach(ArrayList.java:1511)
	at com.intellij.rt.testng.IDEARemoteTestNG.run(IDEARemoteTestNG.java:66)
	at com.intellij.rt.testng.RemoteTestNGStarter.main(RemoteTestNGStarter.java:105)
... Removed 26 stack frames
</div> <!-- stack-trace -->
                </div> <!-- method-content -->
              </div> <!-- method -->
              <div class="method">
                <div class="method-content">
                  <a name="TestFunctionalityRegistrationValidInput(Jack, ARTS_AND_CULTURE, Arts and Culture)">
                  </a> <!-- TestFunctionalityRegistrationValidInput(Jack, ARTS_AND_CULTURE, Arts and Culture) -->
                  <span class="method-name">TestFunctionalityRegistrationValidInput</span>
                  <span class="parameters">(Jack,ARTS_AND_CULTURE,Arts and Culture)</span>
                  <div class="stack-trace">org.openqa.selenium.InvalidSelectorException: Compound class names not permitted
For documentation on this error, please visit: https://selenium.dev/exceptions/#invalid_selector_exception
Build info: version: &apos;4.9.1&apos;, revision: &apos;eb2032df7f&apos;
System info: os.name: &apos;Windows 10&apos;, os.arch: &apos;amd64&apos;, os.version: &apos;10.0&apos;, java.version: &apos;20.0.1&apos;
Driver info: driver.version: unknown
	at org.openqa.selenium.By$ByClassName.&lt;init&gt;(By.java:310)
	at org.openqa.selenium.By.className(By.java:100)
	at org.openqa.selenium.support.How$1.buildBy(How.java:26)
	at org.openqa.selenium.support.AbstractFindByBuilder.buildByFromLongFindBy(AbstractFindByBuilder.java:79)
	at org.openqa.selenium.support.FindBy$FindByBuilder.buildIt(FindBy.java:87)
	at org.openqa.selenium.support.pagefactory.Annotations.buildBy(Annotations.java:79)
	at org.openqa.selenium.support.pagefactory.DefaultElementLocator.&lt;init&gt;(DefaultElementLocator.java:58)
	at org.openqa.selenium.support.pagefactory.DefaultElementLocator.&lt;init&gt;(DefaultElementLocator.java:46)
	at org.openqa.selenium.support.pagefactory.DefaultElementLocatorFactory.createLocator(DefaultElementLocatorFactory.java:33)
	at org.openqa.selenium.support.pagefactory.DefaultFieldDecorator.decorate(DefaultFieldDecorator.java:57)
	at org.openqa.selenium.support.PageFactory.proxyFields(PageFactory.java:111)
	at org.openqa.selenium.support.PageFactory.initElements(PageFactory.java:103)
	at org.openqa.selenium.support.PageFactory.initElements(PageFactory.java:90)
	at org.openqa.selenium.support.PageFactory.initElements(PageFactory.java:78)
	at ObjectPages.RegistrationPage.&lt;init&gt;(RegistrationPage.java:67)
	at TestScenarios.RegistrationPageTest.SetUp(RegistrationPageTest.java:30)
	at java.base/java.util.ArrayList.forEach(ArrayList.java:1511)
	at com.intellij.rt.testng.IDEARemoteTestNG.run(IDEARemoteTestNG.java:66)
	at com.intellij.rt.testng.RemoteTestNGStarter.main(RemoteTestNGStarter.java:105)
... Removed 26 stack frames
</div> <!-- stack-trace -->
                </div> <!-- method-content -->
              </div> <!-- method -->
              <div class="method">
                <div class="method-content">
                  <a name="TestFunctionalityRegistrationValidInput(Jerry, CAREER_AND_BUSINESS, Career and Business)">
                  </a> <!-- TestFunctionalityRegistrationValidInput(Jerry, CAREER_AND_BUSINESS, Career and Business) -->
                  <span class="method-name">TestFunctionalityRegistrationValidInput</span>
                  <span class="parameters">(Jerry,CAREER_AND_BUSINESS,Career and Business)</span>
                  <div class="stack-trace">org.openqa.selenium.InvalidSelectorException: Compound class names not permitted
For documentation on this error, please visit: https://selenium.dev/exceptions/#invalid_selector_exception
Build info: version: &apos;4.9.1&apos;, revision: &apos;eb2032df7f&apos;
System info: os.name: &apos;Windows 10&apos;, os.arch: &apos;amd64&apos;, os.version: &apos;10.0&apos;, java.version: &apos;20.0.1&apos;
Driver info: driver.version: unknown
	at org.openqa.selenium.By$ByClassName.&lt;init&gt;(By.java:310)
	at org.openqa.selenium.By.className(By.java:100)
	at org.openqa.selenium.support.How$1.buildBy(How.java:26)
	at org.openqa.selenium.support.AbstractFindByBuilder.buildByFromLongFindBy(AbstractFindByBuilder.java:79)
	at org.openqa.selenium.support.FindBy$FindByBuilder.buildIt(FindBy.java:87)
	at org.openqa.selenium.support.pagefactory.Annotations.buildBy(Annotations.java:79)
	at org.openqa.selenium.support.pagefactory.DefaultElementLocator.&lt;init&gt;(DefaultElementLocator.java:58)
	at org.openqa.selenium.support.pagefactory.DefaultElementLocator.&lt;init&gt;(DefaultElementLocator.java:46)
	at org.openqa.selenium.support.pagefactory.DefaultElementLocatorFactory.createLocator(DefaultElementLocatorFactory.java:33)
	at org.openqa.selenium.support.pagefactory.DefaultFieldDecorator.decorate(DefaultFieldDecorator.java:57)
	at org.openqa.selenium.support.PageFactory.proxyFields(PageFactory.java:111)
	at org.openqa.selenium.support.PageFactory.initElements(PageFactory.java:103)
	at org.openqa.selenium.support.PageFactory.initElements(PageFactory.java:90)
	at org.openqa.selenium.support.PageFactory.initElements(PageFactory.java:78)
	at ObjectPages.RegistrationPage.&lt;init&gt;(RegistrationPage.java:67)
	at TestScenarios.RegistrationPageTest.SetUp(RegistrationPageTest.java:30)
	at java.base/java.util.ArrayList.forEach(ArrayList.java:1511)
	at com.intellij.rt.testng.IDEARemoteTestNG.run(IDEARemoteTestNG.java:66)
	at com.intellij.rt.testng.RemoteTestNGStarter.main(RemoteTestNGStarter.java:105)
... Removed 26 stack frames
</div> <!-- stack-trace -->
                </div> <!-- method-content -->
              </div> <!-- method -->
              <div class="method">
                <div class="method-content">
                  <a name="TestFunctionalityRegistrationValidInput(Jim, FASHION_AND_BEAUTY, Fashion and Learning)">
                  </a> <!-- TestFunctionalityRegistrationValidInput(Jim, FASHION_AND_BEAUTY, Fashion and Learning) -->
                  <span class="method-name">TestFunctionalityRegistrationValidInput</span>
                  <span class="parameters">(Jim,FASHION_AND_BEAUTY,Fashion and Learning)</span>
                  <div class="stack-trace">org.openqa.selenium.InvalidSelectorException: Compound class names not permitted
For documentation on this error, please visit: https://selenium.dev/exceptions/#invalid_selector_exception
Build info: version: &apos;4.9.1&apos;, revision: &apos;eb2032df7f&apos;
System info: os.name: &apos;Windows 10&apos;, os.arch: &apos;amd64&apos;, os.version: &apos;10.0&apos;, java.version: &apos;20.0.1&apos;
Driver info: driver.version: unknown
	at org.openqa.selenium.By$ByClassName.&lt;init&gt;(By.java:310)
	at org.openqa.selenium.By.className(By.java:100)
	at org.openqa.selenium.support.How$1.buildBy(How.java:26)
	at org.openqa.selenium.support.AbstractFindByBuilder.buildByFromLongFindBy(AbstractFindByBuilder.java:79)
	at org.openqa.selenium.support.FindBy$FindByBuilder.buildIt(FindBy.java:87)
	at org.openqa.selenium.support.pagefactory.Annotations.buildBy(Annotations.java:79)
	at org.openqa.selenium.support.pagefactory.DefaultElementLocator.&lt;init&gt;(DefaultElementLocator.java:58)
	at org.openqa.selenium.support.pagefactory.DefaultElementLocator.&lt;init&gt;(DefaultElementLocator.java:46)
	at org.openqa.selenium.support.pagefactory.DefaultElementLocatorFactory.createLocator(DefaultElementLocatorFactory.java:33)
	at org.openqa.selenium.support.pagefactory.DefaultFieldDecorator.decorate(DefaultFieldDecorator.java:57)
	at org.openqa.selenium.support.PageFactory.proxyFields(PageFactory.java:111)
	at org.openqa.selenium.support.PageFactory.initElements(PageFactory.java:103)
	at org.openqa.selenium.support.PageFactory.initElements(PageFactory.java:90)
	at org.openqa.selenium.support.PageFactory.initElements(PageFactory.java:78)
	at ObjectPages.RegistrationPage.&lt;init&gt;(RegistrationPage.java:67)
	at TestScenarios.RegistrationPageTest.SetUp(RegistrationPageTest.java:30)
	at java.base/java.util.ArrayList.forEach(ArrayList.java:1511)
	at com.intellij.rt.testng.IDEARemoteTestNG.run(IDEARemoteTestNG.java:66)
	at com.intellij.rt.testng.RemoteTestNGStarter.main(RemoteTestNGStarter.java:105)
... Removed 26 stack frames
</div> <!-- stack-trace -->
                </div> <!-- method-content -->
              </div> <!-- method -->
              <div class="method">
                <div class="method-content">
                  <a name="TestFunctionalityRegistrationValidInput(John, EDUCATION_AND_LEARNING, Education and Learning)">
                  </a> <!-- TestFunctionalityRegistrationValidInput(John, EDUCATION_AND_LEARNING, Education and Learning) -->
                  <span class="method-name">TestFunctionalityRegistrationValidInput</span>
                  <span class="parameters">(John,EDUCATION_AND_LEARNING,Education and Learning)</span>
                  <div class="stack-trace">org.openqa.selenium.InvalidSelectorException: Compound class names not permitted
For documentation on this error, please visit: https://selenium.dev/exceptions/#invalid_selector_exception
Build info: version: &apos;4.9.1&apos;, revision: &apos;eb2032df7f&apos;
System info: os.name: &apos;Windows 10&apos;, os.arch: &apos;amd64&apos;, os.version: &apos;10.0&apos;, java.version: &apos;20.0.1&apos;
Driver info: driver.version: unknown
	at org.openqa.selenium.By$ByClassName.&lt;init&gt;(By.java:310)
	at org.openqa.selenium.By.className(By.java:100)
	at org.openqa.selenium.support.How$1.buildBy(How.java:26)
	at org.openqa.selenium.support.AbstractFindByBuilder.buildByFromLongFindBy(AbstractFindByBuilder.java:79)
	at org.openqa.selenium.support.FindBy$FindByBuilder.buildIt(FindBy.java:87)
	at org.openqa.selenium.support.pagefactory.Annotations.buildBy(Annotations.java:79)
	at org.openqa.selenium.support.pagefactory.DefaultElementLocator.&lt;init&gt;(DefaultElementLocator.java:58)
	at org.openqa.selenium.support.pagefactory.DefaultElementLocator.&lt;init&gt;(DefaultElementLocator.java:46)
	at org.openqa.selenium.support.pagefactory.DefaultElementLocatorFactory.createLocator(DefaultElementLocatorFactory.java:33)
	at org.openqa.selenium.support.pagefactory.DefaultFieldDecorator.decorate(DefaultFieldDecorator.java:57)
	at org.openqa.selenium.support.PageFactory.proxyFields(PageFactory.java:111)
	at org.openqa.selenium.support.PageFactory.initElements(PageFactory.java:103)
	at org.openqa.selenium.support.PageFactory.initElements(PageFactory.java:90)
	at org.openqa.selenium.support.PageFactory.initElements(PageFactory.java:78)
	at ObjectPages.RegistrationPage.&lt;init&gt;(RegistrationPage.java:67)
	at TestScenarios.RegistrationPageTest.SetUp(RegistrationPageTest.java:30)
	at java.base/java.util.ArrayList.forEach(ArrayList.java:1511)
	at com.intellij.rt.testng.IDEARemoteTestNG.run(IDEARemoteTestNG.java:66)
	at com.intellij.rt.testng.RemoteTestNGStarter.main(RemoteTestNGStarter.java:105)
... Removed 26 stack frames
</div> <!-- stack-trace -->
                </div> <!-- method-content -->
              </div> <!-- method -->
              <div class="method">
                <div class="method-content">
                  <a name="TestFunctionalityRegistrationValidInput(Jane, GAMES, Games)">
                  </a> <!-- TestFunctionalityRegistrationValidInput(Jane, GAMES, Games) -->
                  <span class="method-name">TestFunctionalityRegistrationValidInput</span>
                  <span class="parameters">(Jane,GAMES,Games)</span>
                  <div class="stack-trace">org.openqa.selenium.InvalidSelectorException: Compound class names not permitted
For documentation on this error, please visit: https://selenium.dev/exceptions/#invalid_selector_exception
Build info: version: &apos;4.9.1&apos;, revision: &apos;eb2032df7f&apos;
System info: os.name: &apos;Windows 10&apos;, os.arch: &apos;amd64&apos;, os.version: &apos;10.0&apos;, java.version: &apos;20.0.1&apos;
Driver info: driver.version: unknown
	at org.openqa.selenium.By$ByClassName.&lt;init&gt;(By.java:310)
	at org.openqa.selenium.By.className(By.java:100)
	at org.openqa.selenium.support.How$1.buildBy(How.java:26)
	at org.openqa.selenium.support.AbstractFindByBuilder.buildByFromLongFindBy(AbstractFindByBuilder.java:79)
	at org.openqa.selenium.support.FindBy$FindByBuilder.buildIt(FindBy.java:87)
	at org.openqa.selenium.support.pagefactory.Annotations.buildBy(Annotations.java:79)
	at org.openqa.selenium.support.pagefactory.DefaultElementLocator.&lt;init&gt;(DefaultElementLocator.java:58)
	at org.openqa.selenium.support.pagefactory.DefaultElementLocator.&lt;init&gt;(DefaultElementLocator.java:46)
	at org.openqa.selenium.support.pagefactory.DefaultElementLocatorFactory.createLocator(DefaultElementLocatorFactory.java:33)
	at org.openqa.selenium.support.pagefactory.DefaultFieldDecorator.decorate(DefaultFieldDecorator.java:57)
	at org.openqa.selenium.support.PageFactory.proxyFields(PageFactory.java:111)
	at org.openqa.selenium.support.PageFactory.initElements(PageFactory.java:103)
	at org.openqa.selenium.support.PageFactory.initElements(PageFactory.java:90)
	at org.openqa.selenium.support.PageFactory.initElements(PageFactory.java:78)
	at ObjectPages.RegistrationPage.&lt;init&gt;(RegistrationPage.java:67)
	at TestScenarios.RegistrationPageTest.SetUp(RegistrationPageTest.java:30)
	at java.base/java.util.ArrayList.forEach(ArrayList.java:1511)
	at com.intellij.rt.testng.IDEARemoteTestNG.run(IDEARemoteTestNG.java:66)
	at com.intellij.rt.testng.RemoteTestNGStarter.main(RemoteTestNGStarter.java:105)
... Removed 26 stack frames
</div> <!-- stack-trace -->
                </div> <!-- method-content -->
              </div> <!-- method -->
              <div class="method">
                <div class="method-content">
                  <a name="TestUIRegistrationPage">
                  </a> <!-- TestUIRegistrationPage -->
                  <span class="method-name">TestUIRegistrationPage</span>
                  <div class="stack-trace">org.openqa.selenium.InvalidSelectorException: Compound class names not permitted
For documentation on this error, please visit: https://selenium.dev/exceptions/#invalid_selector_exception
Build info: version: &apos;4.9.1&apos;, revision: &apos;eb2032df7f&apos;
System info: os.name: &apos;Windows 10&apos;, os.arch: &apos;amd64&apos;, os.version: &apos;10.0&apos;, java.version: &apos;20.0.1&apos;
Driver info: driver.version: unknown
	at org.openqa.selenium.By$ByClassName.&lt;init&gt;(By.java:310)
	at org.openqa.selenium.By.className(By.java:100)
	at org.openqa.selenium.support.How$1.buildBy(How.java:26)
	at org.openqa.selenium.support.AbstractFindByBuilder.buildByFromLongFindBy(AbstractFindByBuilder.java:79)
	at org.openqa.selenium.support.FindBy$FindByBuilder.buildIt(FindBy.java:87)
	at org.openqa.selenium.support.pagefactory.Annotations.buildBy(Annotations.java:79)
	at org.openqa.selenium.support.pagefactory.DefaultElementLocator.&lt;init&gt;(DefaultElementLocator.java:58)
	at org.openqa.selenium.support.pagefactory.DefaultElementLocator.&lt;init&gt;(DefaultElementLocator.java:46)
	at org.openqa.selenium.support.pagefactory.DefaultElementLocatorFactory.createLocator(DefaultElementLocatorFactory.java:33)
	at org.openqa.selenium.support.pagefactory.DefaultFieldDecorator.decorate(DefaultFieldDecorator.java:57)
	at org.openqa.selenium.support.PageFactory.proxyFields(PageFactory.java:111)
	at org.openqa.selenium.support.PageFactory.initElements(PageFactory.java:103)
	at org.openqa.selenium.support.PageFactory.initElements(PageFactory.java:90)
	at org.openqa.selenium.support.PageFactory.initElements(PageFactory.java:78)
	at ObjectPages.RegistrationPage.&lt;init&gt;(RegistrationPage.java:67)
	at TestScenarios.RegistrationPageTest.SetUp(RegistrationPageTest.java:30)
	at java.base/java.util.ArrayList.forEach(ArrayList.java:1511)
	at com.intellij.rt.testng.IDEARemoteTestNG.run(IDEARemoteTestNG.java:66)
	at com.intellij.rt.testng.RemoteTestNGStarter.main(RemoteTestNGStarter.java:105)
... Removed 26 stack frames
</div> <!-- stack-trace -->
                </div> <!-- method-content -->
              </div> <!-- method -->
            </div> <!-- main-panel-content rounded-window-bottom -->
          </div> <!-- suite-All_Test_Suite-class-skipped -->
          <div class="suite-All_Test_Suite-class-passed">
            <div class="main-panel-header rounded-window-top">
              <img src="passed.png"/>
              <span class="class-name">TestScenarios.WelcomePageTest</span>
            </div> <!-- main-panel-header rounded-window-top -->
            <div class="main-panel-content rounded-window-bottom">
              <div class="method">
                <div class="method-content">
                  <a name="TestFunctionalityWelcomePage">
                  </a> <!-- TestFunctionalityWelcomePage -->
                  <span class="method-name">TestFunctionalityWelcomePage</span>
                </div> <!-- method-content -->
              </div> <!-- method -->
              <div class="method">
                <div class="method-content">
                  <a name="TestWelcomePageUI">
                  </a> <!-- TestWelcomePageUI -->
                  <span class="method-name">TestWelcomePageUI</span>
                </div> <!-- method-content -->
              </div> <!-- method -->
            </div> <!-- main-panel-content rounded-window-bottom -->
          </div> <!-- suite-All_Test_Suite-class-passed -->
        </div> <!-- panel All_Test_Suite -->
        <div panel-name="test-xml-All_Test_Suite" class="panel">
          <div class="main-panel-header rounded-window-top">
            <span class="header-content">D:\SeleniumJavaFiles\Selenium_Projects\POMMeetupAppTest3\testng.xml</span>
          </div> <!-- main-panel-header rounded-window-top -->
          <div class="main-panel-content rounded-window-bottom">
            <pre>
&lt;?xml version=&quot;1.0&quot; encoding=&quot;UTF-8&quot;?&gt;
&lt;!DOCTYPE suite SYSTEM &quot;https://testng.org/testng-1.0.dtd&quot;&gt;
&lt;suite name=&quot;All Test Suite&quot; guice-stage=&quot;DEVELOPMENT&quot;&gt;
  &lt;test thread-count=&quot;2&quot; parallel=&quot;tests&quot; name=&quot;POMMeetupAppTest3&quot;&gt;
    &lt;classes&gt;
      &lt;class name=&quot;TestScenarios.RegistrationPageTest&quot;&gt;
        &lt;methods&gt;
          &lt;include name=&quot;TestUIRegistrationPage&quot;/&gt;
          &lt;include name=&quot;TestFunctionalityRPageEmptyName&quot;/&gt;
          &lt;include name=&quot;TestFunctionalityRegistrationValidInput&quot;/&gt;
        &lt;/methods&gt;
      &lt;/class&gt; &lt;!-- TestScenarios.RegistrationPageTest --&gt;
      &lt;class name=&quot;TestScenarios.WelcomePageTest&quot;&gt;
        &lt;methods&gt;
          &lt;include name=&quot;TestWelcomePageUI&quot;/&gt;
          &lt;include name=&quot;TestFunctionalityWelcomePage&quot;/&gt;
        &lt;/methods&gt;
      &lt;/class&gt; &lt;!-- TestScenarios.WelcomePageTest --&gt;
    &lt;/classes&gt;
  &lt;/test&gt; &lt;!-- POMMeetupAppTest3 --&gt;
&lt;/suite&gt; &lt;!-- All Test Suite --&gt;
            </pre>
          </div> <!-- main-panel-content rounded-window-bottom -->
        </div> <!-- panel -->
        <div panel-name="testlist-All_Test_Suite" class="panel">
          <div class="main-panel-header rounded-window-top">
            <span class="header-content">Tests for All Test Suite</span>
          </div> <!-- main-panel-header rounded-window-top -->
          <div class="main-panel-content rounded-window-bottom">
            <ul>
              <li>
                <span class="test-name">POMMeetupAppTest3 (2 classes)</span>
              </li>
            </ul>
          </div> <!-- main-panel-content rounded-window-bottom -->
        </div> <!-- panel -->
        <div panel-name="group-All_Test_Suite" class="panel">
          <div class="main-panel-header rounded-window-top">
            <span class="header-content">Groups for All Test Suite</span>
          </div> <!-- main-panel-header rounded-window-top -->
          <div class="main-panel-content rounded-window-bottom">
          </div> <!-- main-panel-content rounded-window-bottom -->
        </div> <!-- panel -->
        <div panel-name="times-All_Test_Suite" class="panel">
          <div class="main-panel-header rounded-window-top">
            <span class="header-content">Times for All Test Suite</span>
          </div> <!-- main-panel-header rounded-window-top -->
          <div class="main-panel-content rounded-window-bottom">
            <div class="times-div">
              <script type="text/javascript">
suiteTableInitFunctions.push('tableData_All_Test_Suite');
function tableData_All_Test_Suite() {
var data = new google.visualization.DataTable();
data.addColumn('number', 'Number');
data.addColumn('string', 'Method');
data.addColumn('string', 'Class');
data.addColumn('number', 'Time (ms)');
data.addRows(9);
data.setCell(0, 0, 0)
data.setCell(0, 1, 'TestWelcomePageUI')
data.setCell(0, 2, 'TestScenarios.WelcomePageTest')
data.setCell(0, 3, 153);
data.setCell(1, 0, 1)
data.setCell(1, 1, 'TestFunctionalityWelcomePage')
data.setCell(1, 2, 'TestScenarios.WelcomePageTest')
data.setCell(1, 3, 144);
data.setCell(2, 0, 2)
data.setCell(2, 1, 'TestFunctionalityRegistrationValidInput')
data.setCell(2, 2, 'TestScenarios.RegistrationPageTest')
data.setCell(2, 3, 0);
data.setCell(3, 0, 3)
data.setCell(3, 1, 'TestFunctionalityRPageEmptyName')
data.setCell(3, 2, 'TestScenarios.RegistrationPageTest')
data.setCell(3, 3, 0);
data.setCell(4, 0, 4)
data.setCell(4, 1, 'TestUIRegistrationPage')
data.setCell(4, 2, 'TestScenarios.RegistrationPageTest')
data.setCell(4, 3, 0);
data.setCell(5, 0, 5)
data.setCell(5, 1, 'TestFunctionalityRegistrationValidInput')
data.setCell(5, 2, 'TestScenarios.RegistrationPageTest')
data.setCell(5, 3, 0);
data.setCell(6, 0, 6)
data.setCell(6, 1, 'TestFunctionalityRegistrationValidInput')
data.setCell(6, 2, 'TestScenarios.RegistrationPageTest')
data.setCell(6, 3, 0);
data.setCell(7, 0, 7)
data.setCell(7, 1, 'TestFunctionalityRegistrationValidInput')
data.setCell(7, 2, 'TestScenarios.RegistrationPageTest')
data.setCell(7, 3, 0);
data.setCell(8, 0, 8)
data.setCell(8, 1, 'TestFunctionalityRegistrationValidInput')
data.setCell(8, 2, 'TestScenarios.RegistrationPageTest')
data.setCell(8, 3, 0);
window.suiteTableData['All_Test_Suite']= { tableData: data, tableDiv: 'times-div-All_Test_Suite'}
return data;
}
              </script>
              <span class="suite-total-time">Total running time: 297 ms</span>
              <div id="times-div-All_Test_Suite">
              </div> <!-- times-div-All_Test_Suite -->
            </div> <!-- times-div -->
          </div> <!-- main-panel-content rounded-window-bottom -->
        </div> <!-- panel -->
        <div panel-name="reporter-All_Test_Suite" class="panel">
          <div class="main-panel-header rounded-window-top">
            <span class="header-content">Reporter output for All Test Suite</span>
          </div> <!-- main-panel-header rounded-window-top -->
          <div class="main-panel-content rounded-window-bottom">
          </div> <!-- main-panel-content rounded-window-bottom -->
        </div> <!-- panel -->
        <div panel-name="ignored-methods-All_Test_Suite" class="panel">
          <div class="main-panel-header rounded-window-top">
            <span class="header-content">0 ignored methods</span>
          </div> <!-- main-panel-header rounded-window-top -->
          <div class="main-panel-content rounded-window-bottom">
          </div> <!-- main-panel-content rounded-window-bottom -->
        </div> <!-- panel -->
        <div panel-name="chronological-All_Test_Suite" class="panel">
          <div class="main-panel-header rounded-window-top">
            <span class="header-content">Methods in chronological order</span>
          </div> <!-- main-panel-header rounded-window-top -->
          <div class="main-panel-content rounded-window-bottom">
            <div class="chronological-class">
              <div class="chronological-class-name">TestScenarios.RegistrationPageTest</div> <!-- chronological-class-name -->
              <div class="configuration-method before">
                <img src="failed.png">
                </img>
                <span class="method-name">SetUp</span>
                <span class="method-start">0 ms</span>
              </div> <!-- configuration-method before -->
              <div class="test-method">
                <span class="method-name">TestUIRegistrationPage</span>
                <span class="method-start">3088 ms</span>
              </div> <!-- test-method -->
              <div class="configuration-method after">
                <span class="method-name">TearDown</span>
                <span class="method-start">3089 ms</span>
              </div> <!-- configuration-method after -->
            </div> <!-- chronological-class -->
            <div class="chronological-class">
              <div class="chronological-class-name">TestScenarios.WelcomePageTest</div> <!-- chronological-class-name -->
              <div class="configuration-method before">
                <span class="method-name">SetUp</span>
                <span class="method-start">3093 ms</span>
              </div> <!-- configuration-method before -->
              <div class="test-method">
                <span class="method-name">TestWelcomePageUI</span>
                <span class="method-start">5774 ms</span>
              </div> <!-- test-method -->
              <div class="configuration-method after">
                <span class="method-name">TearDown</span>
                <span class="method-start">5929 ms</span>
              </div> <!-- configuration-method after -->
            </div> <!-- chronological-class -->
            <div class="chronological-class">
              <div class="chronological-class-name">TestScenarios.RegistrationPageTest</div> <!-- chronological-class-name -->
              <div class="configuration-method before">
                <span class="method-name">SetUp</span>
                <span class="method-start">6210 ms</span>
              </div> <!-- configuration-method before -->
              <div class="test-method">
                <span class="method-name">TestFunctionalityRPageEmptyName</span>
                <span class="method-start">6211 ms</span>
              </div> <!-- test-method -->
              <div class="configuration-method after">
                <span class="method-name">TearDown</span>
                <span class="method-start">6213 ms</span>
              </div> <!-- configuration-method after -->
            </div> <!-- chronological-class -->
            <div class="chronological-class">
              <div class="chronological-class-name">TestScenarios.WelcomePageTest</div> <!-- chronological-class-name -->
              <div class="configuration-method before">
                <span class="method-name">SetUp</span>
                <span class="method-start">6217 ms</span>
              </div> <!-- configuration-method before -->
              <div class="test-method">
                <span class="method-name">TestFunctionalityWelcomePage</span>
                <span class="method-start">8444 ms</span>
              </div> <!-- test-method -->
              <div class="configuration-method after">
                <span class="method-name">TearDown</span>
                <span class="method-start">8590 ms</span>
              </div> <!-- configuration-method after -->
            </div> <!-- chronological-class -->
            <div class="chronological-class">
              <div class="chronological-class-name">TestScenarios.RegistrationPageTest</div> <!-- chronological-class-name -->
              <div class="configuration-method before">
                <span class="method-name">SetUp</span>
                <span class="method-start">8849 ms</span>
              </div> <!-- configuration-method before -->
              <div class="test-method">
                <span class="method-name">TestFunctionalityRegistrationValidInput(Jack, ARTS_AND_CULTURE, Arts and Culture)</span>
                <span class="method-start">8850 ms</span>
              </div> <!-- test-method -->
              <div class="configuration-method after">
                <span class="method-name">TearDown</span>
                <span class="method-start">8851 ms</span>
              </div> <!-- configuration-method after -->
              <div class="configuration-method before">
                <span class="method-name">SetUp</span>
                <span class="method-start">8852 ms</span>
              </div> <!-- configuration-method before -->
              <div class="test-method">
                <span class="method-name">TestFunctionalityRegistrationValidInput(Jerry, CAREER_AND_BUSINESS, Career and Business)</span>
                <span class="method-start">8853 ms</span>
              </div> <!-- test-method -->
              <div class="configuration-method after">
                <span class="method-name">TearDown</span>
                <span class="method-start">8854 ms</span>
              </div> <!-- configuration-method after -->
              <div class="test-method">
                <span class="method-name">TestFunctionalityRegistrationValidInput(John, EDUCATION_AND_LEARNING, Education and Learning)</span>
                <span class="method-start">8855 ms</span>
              </div> <!-- test-method -->
              <div class="configuration-method before">
                <span class="method-name">SetUp</span>
                <span class="method-start">8855 ms</span>
              </div> <!-- configuration-method before -->
              <div class="configuration-method after">
                <span class="method-name">TearDown</span>
                <span class="method-start">8856 ms</span>
              </div> <!-- configuration-method after -->
              <div class="test-method">
                <span class="method-name">TestFunctionalityRegistrationValidInput(Jim, FASHION_AND_BEAUTY, Fashion and Learning)</span>
                <span class="method-start">8857 ms</span>
              </div> <!-- test-method -->
              <div class="configuration-method before">
                <span class="method-name">SetUp</span>
                <span class="method-start">8857 ms</span>
              </div> <!-- configuration-method before -->
              <div class="configuration-method after">
                <span class="method-name">TearDown</span>
                <span class="method-start">8859 ms</span>
              </div> <!-- configuration-method after -->
              <div class="test-method">
                <span class="method-name">TestFunctionalityRegistrationValidInput(Jane, GAMES, Games)</span>
                <span class="method-start">8860 ms</span>
              </div> <!-- test-method -->
              <div class="configuration-method before">
                <span class="method-name">SetUp</span>
                <span class="method-start">8860 ms</span>
              </div> <!-- configuration-method before -->
              <div class="configuration-method after">
                <span class="method-name">TearDown</span>
                <span class="method-start">8861 ms</span>
              </div> <!-- configuration-method after -->
          </div> <!-- main-panel-content rounded-window-bottom -->
        </div> <!-- panel -->
      </div> <!-- main-panel-root -->
    </div> <!-- wrapper -->
  </body>
<script type="text/javascript" src="testng-reports2.js"></script>
</html>
