<?xml version="1.0" encoding="UTF-8"?>
<!-- Generated by org.testng.reporters.JUnitReportReporter -->
<testsuite hostname="DESKTOP-UM2MPT8" failures="0" tests="8" name="TestScenarios.RegistrationPageTest" time="3.077" errors="1" timestamp="2023-09-20T22:34:12 IST" skipped="7">
  <testcase classname="TestScenarios.RegistrationPageTest" name="SetUp" time="3.077">
    <error message="Compound class names not permitted
For documentation on this error, please visit: https://selenium.dev/exceptions/#invalid_selector_exception
Build info: version: &#039;4.9.1&#039;, revision: &#039;eb2032df7f&#039;
System info: os.name: &#039;Windows 10&#039;, os.arch: &#039;amd64&#039;, os.version: &#039;10.0&#039;, java.version: &#039;20.0.1&#039;
Driver info: driver.version: unknown" type="org.openqa.selenium.InvalidSelectorException">
      <![CDATA[org.openqa.selenium.InvalidSelectorException: Compound class names not permitted
For documentation on this error, please visit: https://selenium.dev/exceptions/#invalid_selector_exception
Build info: version: '4.9.1', revision: 'eb2032df7f'
System info: os.name: 'Windows 10', os.arch: 'amd64', os.version: '10.0', java.version: '20.0.1'
Driver info: driver.version: unknown
at org.openqa.selenium.By$ByClassName.<init>(By.java:310)
at org.openqa.selenium.By.className(By.java:100)
at org.openqa.selenium.support.How$1.buildBy(How.java:26)
at org.openqa.selenium.support.AbstractFindByBuilder.buildByFromLongFindBy(AbstractFindByBuilder.java:79)
at org.openqa.selenium.support.FindBy$FindByBuilder.buildIt(FindBy.java:87)
at org.openqa.selenium.support.pagefactory.Annotations.buildBy(Annotations.java:79)
at org.openqa.selenium.support.pagefactory.DefaultElementLocator.<init>(DefaultElementLocator.java:58)
at org.openqa.selenium.support.pagefactory.DefaultElementLocator.<init>(DefaultElementLocator.java:46)
at org.openqa.selenium.support.pagefactory.DefaultElementLocatorFactory.createLocator(DefaultElementLocatorFactory.java:33)
at org.openqa.selenium.support.pagefactory.DefaultFieldDecorator.decorate(DefaultFieldDecorator.java:57)
at org.openqa.selenium.support.PageFactory.proxyFields(PageFactory.java:111)
at org.openqa.selenium.support.PageFactory.initElements(PageFactory.java:103)
at org.openqa.selenium.support.PageFactory.initElements(PageFactory.java:90)
at org.openqa.selenium.support.PageFactory.initElements(PageFactory.java:78)
at ObjectPages.RegistrationPage.<init>(RegistrationPage.java:67)
at TestScenarios.RegistrationPageTest.SetUp(RegistrationPageTest.java:30)
at java.base/jdk.internal.reflect.DirectMethodHandleAccessor.invoke(DirectMethodHandleAccessor.java:104)
at java.base/java.lang.reflect.Method.invoke(Method.java:578)
at org.testng.internal.invokers.MethodInvocationHelper.invokeMethod(MethodInvocationHelper.java:139)
at org.testng.internal.invokers.MethodInvocationHelper.invokeMethodConsideringTimeout(MethodInvocationHelper.java:69)
at org.testng.internal.invokers.ConfigInvoker.invokeConfigurationMethod(ConfigInvoker.java:361)
at org.testng.internal.invokers.ConfigInvoker.invokeConfigurations(ConfigInvoker.java:296)
at org.testng.internal.invokers.TestInvoker.runConfigMethods(TestInvoker.java:823)
at org.testng.internal.invokers.TestInvoker.invokeMethod(TestInvoker.java:590)
at org.testng.internal.invokers.TestInvoker.invokeTestMethod(TestInvoker.java:221)
at org.testng.internal.invokers.MethodRunner.runInSequence(MethodRunner.java:50)
at org.testng.internal.invokers.TestInvoker$MethodInvocationAgent.invoke(TestInvoker.java:969)
at org.testng.internal.invokers.TestInvoker.invokeTestMethods(TestInvoker.java:194)
at org.testng.internal.invokers.TestMethodWorker.invokeTestMethods(TestMethodWorker.java:148)
at org.testng.internal.invokers.TestMethodWorker.run(TestMethodWorker.java:128)
at java.base/java.util.ArrayList.forEach(ArrayList.java:1511)
at org.testng.TestRunner.privateRun(TestRunner.java:829)
at org.testng.TestRunner.run(TestRunner.java:602)
at org.testng.SuiteRunner.runTest(SuiteRunner.java:437)
at org.testng.SuiteRunner.runSequentially(SuiteRunner.java:431)
at org.testng.SuiteRunner.privateRun(SuiteRunner.java:391)
at org.testng.SuiteRunner.run(SuiteRunner.java:330)
at org.testng.SuiteRunnerWorker.runSuite(SuiteRunnerWorker.java:52)
at org.testng.SuiteRunnerWorker.run(SuiteRunnerWorker.java:95)
at org.testng.TestNG.runSuitesSequentially(TestNG.java:1256)
at org.testng.TestNG.runSuitesLocally(TestNG.java:1176)
at org.testng.TestNG.runSuites(TestNG.java:1099)
at org.testng.TestNG.run(TestNG.java:1067)
at com.intellij.rt.testng.IDEARemoteTestNG.run(IDEARemoteTestNG.java:66)
at com.intellij.rt.testng.RemoteTestNGStarter.main(RemoteTestNGStarter.java:105)
]]>
    </error>
  </testcase> <!-- SetUp -->
  <system-out/>
  <testcase classname="TestScenarios.RegistrationPageTest" name="TestUIRegistrationPage" time="0.000">
    <skipped/>
  </testcase> <!-- TestUIRegistrationPage -->
  <system-out/>
  <testcase classname="TestScenarios.RegistrationPageTest" name="TestFunctionalityRPageEmptyName" time="0.000">
    <skipped/>
  </testcase> <!-- TestFunctionalityRPageEmptyName -->
  <system-out/>
  <testcase classname="TestScenarios.RegistrationPageTest" name="TestFunctionalityRegistrationValidInput" time="0.000">
    <skipped/>
  </testcase> <!-- TestFunctionalityRegistrationValidInput -->
  <system-out/>
  <testcase classname="TestScenarios.RegistrationPageTest" name="TestFunctionalityRegistrationValidInput" time="0.000">
    <skipped/>
  </testcase> <!-- TestFunctionalityRegistrationValidInput -->
  <system-out/>
  <testcase classname="TestScenarios.RegistrationPageTest" name="TestFunctionalityRegistrationValidInput" time="0.000">
    <skipped/>
  </testcase> <!-- TestFunctionalityRegistrationValidInput -->
  <system-out/>
  <testcase classname="TestScenarios.RegistrationPageTest" name="TestFunctionalityRegistrationValidInput" time="0.000">
    <skipped/>
  </testcase> <!-- TestFunctionalityRegistrationValidInput -->
  <system-out/>
  <testcase classname="TestScenarios.RegistrationPageTest" name="TestFunctionalityRegistrationValidInput" time="0.000">
    <skipped/>
  </testcase> <!-- TestFunctionalityRegistrationValidInput -->
  <system-out/>
</testsuite> <!-- TestScenarios.RegistrationPageTest -->
